<?xml version="1.0" encoding="UTF-8"?>
<!-- Generated by org.testng.reporters.JUnitXMLReporter -->
<testsuite hostname="FIR000187099001" ignored="2" name="Default test" tests="2" failures="0" timestamp="01 Mar 2022 19:56:11 GMT" time="37.564" errors="0">
  <testcase name="countCountryTest" time="0.045" classname="testFolder.DemoTest"/>
  <testcase name="findCountryCapitalTest" time="0.005" classname="testFolder.DemoTest"/>
  <testcase name="@AfterTest endReport" time="0.0" classname="util.DataBaseTest">
    <ignored/>
  </testcase> <!-- @AfterTest endReport -->
  <testcase name="@BeforeTest startReport" time="0.0" classname="util.DataBaseTest">
    <ignored/>
  </testcase> <!-- @BeforeTest startReport -->
</testsuite> <!-- Default test -->
