<?xml version="1.0" encoding="UTF-8"?>
<!-- Generated by org.testng.reporters.JUnitXMLReporter -->
<testsuite hostname="FIR000187099001" ignored="0" name="Test" tests="1" failures="1" timestamp="28 Feb 2022 23:18:02 GMT" time="0.395" errors="0">
  <testcase name="@AfterClass tearDown" time="0.001" classname="util.DataBaseTest">
    <failure type="java.lang.NullPointerException">
      <![CDATA[java.lang.NullPointerException
at util.DataBaseTest.tearDown(DataBaseTest.java:39)
... Removed 26 stack frames]]>
    </failure>
  </testcase> <!-- @AfterClass tearDown -->
  <testcase name="test" time="0.005" classname="util.DataBaseTest">
    <failure type="java.lang.NullPointerException">
      <![CDATA[java.lang.NullPointerException
at util.DataBaseTest.test(DataBaseTest.java:29)
... Removed 25 stack frames]]>
    </failure>
  </testcase> <!-- test -->
</testsuite> <!-- Test -->
