<?xml version="1.0" encoding="UTF-8"?>
<!-- Generated by org.testng.reporters.JUnitXMLReporter -->
<testsuite hostname="FIR000187099001" ignored="0" name="Test" tests="2" failures="1" timestamp="01 Mar 2022 14:55:11 GMT" time="2.544" errors="0">
  <testcase name="countCountryTest" time="0.034" classname="testFolder.DemoTest"/>
  <testcase name="findCountryCapitalTest" time="0.003" classname="testFolder.DemoTest">
    <failure type="java.lang.AssertionError" message="expected [Paris] but found [London]">
      <![CDATA[java.lang.AssertionError: expected [Paris] but found [London]
at testFolder.DemoTest.findCountryCapitalTest(DemoTest.java:39)
... Removed 35 stack frames]]>
    </failure>
  </testcase> <!-- findCountryCapitalTest -->
</testsuite> <!-- Test -->
