<?xml version="1.0" encoding="UTF-8"?>
<testsuite xmlns:xsi="http://www.w3.org/2001/XMLSchema-instance" xsi:noNamespaceSchemaLocation="https://maven.apache.org/surefire/maven-surefire-plugin/xsd/surefire-test-report-3.0.xsd" version="3.0" name="TestSuite" time="6.85" tests="2" errors="0" skipped="0" failures="1">
  <properties>
[...]
</properties>
  <testcase name="countCountryTest" classname="testFolder.DemoTest" time="0.035"/>
  <testcase name="findCountryCapitalTest" classname="testFolder.DemoTest" time="0.014">
    <failure message="expected [Paris] but found [London]" type="java.lang.AssertionError">java.lang.AssertionError: expected [Paris] but found [London]
	at testFolder.DemoTest.findCountryCapitalTest(DemoTest.java:39)
</failure>
  </testcase>
</testsuite>